-------------------------------------------------------------------------------
Test set: com.parkit.parkingsystem.unit.service.FareCalculatorServiceTest
-------------------------------------------------------------------------------
Tests run: 7, Failures: 2, Errors: 0, Skipped: 0, Time elapsed: 0.046 s <<< FAILURE! - in com.parkit.parkingsystem.unit.service.FareCalculatorServiceTest
calculateFareCarWithLessThanOneHourParkingTime  Time elapsed: 0.014 s  <<< FAILURE!
org.opentest4j.AssertionFailedError: expected: <1.125> but was: <2.63>
	at com.parkit.parkingsystem.unit.service.FareCalculatorServiceTest.calculateFareCarWithLessThanOneHourParkingTime(FareCalculatorServiceTest.java:110)

calculateFareBikeWithLessThanOneHourParkingTime  Time elapsed: 0 s  <<< FAILURE!
org.opentest4j.AssertionFailedError: expected: <0.75> but was: <1.74>
	at com.parkit.parkingsystem.unit.service.FareCalculatorServiceTest.calculateFareBikeWithLessThanOneHourParkingTime(FareCalculatorServiceTest.java:96)

